Using pre-set license
Built from '2020.2/release' branch; Version is '2020.2.2f1 (068178b99f32) revision 426360'; Using compiler version '192528614'; Build Type 'Release'
OS: 'Windows 10 Education; OS build 19041.804; Version 2004; 64bit' Language: 'es' Physical Memory: 16328 MB
BatchMode: 1, IsHumanControllingUs: 0, StartBugReporterOnCrash: 0, Is64bit: 1, IsPro: 0

 COMMAND LINE ARGUMENTS:
C:\Program Files\Unity\Hub\Editor\2020.2.2f1\Editor\Unity.exe
-adb2
-batchMode
-noUpm
-name
AssetImportWorker0
-projectPath
D:/Users/Alberto/Unity/Plataformas1
-logFile
Logs/AssetImportWorker0.log
-srvPort
57973
Successfully changed project path to: D:/Users/Alberto/Unity/Plataformas1
D:/Users/Alberto/Unity/Plataformas1
Using Asset Import Pipeline V2.
Refreshing native plugins compatible for Editor in 37.39 ms, found 3 plugins.
Preloading 0 native plugins for Editor in 0.00 ms.
Initialize engine version: 2020.2.2f1 (068178b99f32)
[Subsystems] Discovering subsystems at path C:/Program Files/Unity/Hub/Editor/2020.2.2f1/Editor/Data/Resources/UnitySubsystems
[Subsystems] Discovering subsystems at path D:/Users/Alberto/Unity/Plataformas1/Assets
GfxDevice: creating device client; threaded=0
Direct3D:
    Version:  Direct3D 11.0 [level 11.0]
    Renderer: NVIDIA GeForce GT 710 (ID=0x128b)
    Vendor:   
    VRAM:     984 MB
    Driver:   27.21.14.5671
Initialize mono
Mono path[0] = 'C:/Program Files/Unity/Hub/Editor/2020.2.2f1/Editor/Data/Managed'
Mono path[1] = 'C:/Program Files/Unity/Hub/Editor/2020.2.2f1/Editor/Data/MonoBleedingEdge/lib/mono/unityjit'
Mono config path = 'C:/Program Files/Unity/Hub/Editor/2020.2.2f1/Editor/Data/MonoBleedingEdge/etc'
Using monoOptions --debugger-agent=transport=dt_socket,embedding=1,server=y,suspend=n,address=127.0.0.1:56788
Begin MonoManager ReloadAssembly
Registering precompiled unity dll's ...
Register platform support module: C:/Program Files/Unity/Hub/Editor/2020.2.2f1/Editor/Data/PlaybackEngines/WindowsStandaloneSupport/UnityEditor.WindowsStandalone.Extensions.dll
Registered in 0.001691 seconds.
Native extension for WindowsStandalone target not found
Refreshing native plugins compatible for Editor in 32.56 ms, found 3 plugins.
Preloading 0 native plugins for Editor in 0.00 ms.
Invoked RoslynAnalysisRunner static constructor.
RoslynAnalysisRunner will not be running.
RoslynAnalysisRunner has terminated.
Mono: successfully reloaded assembly
- Completed reload, in  1.741 seconds
Platform modules already initialized, skipping
Registering precompiled user dll's ...
Registered in 0.004259 seconds.
Begin MonoManager ReloadAssembly
Native extension for WindowsStandalone target not found
Refreshing native plugins compatible for Editor in 33.63 ms, found 3 plugins.
Preloading 0 native plugins for Editor in 0.00 ms.
Invoked RoslynAnalysisRunner static constructor.
RoslynAnalysisRunner will not be running.
RoslynAnalysisRunner has terminated.
Mono: successfully reloaded assembly
- Completed reload, in  0.865 seconds
Platform modules already initialized, skipping
========================================================================
Worker process is ready to serve import requests
Launched and connected shader compiler UnityShaderCompiler.exe after 0.03 seconds
Refreshing native plugins compatible for Editor in 0.39 ms, found 3 plugins.
Preloading 0 native plugins for Editor in 0.00 ms.
Unloading 1814 Unused Serialized files (Serialized files now loaded: 0)
System memory in use before: 85.0 MB.
System memory in use after: 85.0 MB.

Unloading 41 unused Assets to reduce memory usage. Loaded Objects now: 2280.
Total: 4.955600 ms (FindLiveObjects: 0.387400 ms CreateObjectMapping: 0.196300 ms MarkObjects: 4.057400 ms  DeleteObjects: 0.312100 ms)

========================================================================
Received Import Request.
  path: Assets/Scripts/TestingKeys.cs
  artifactKey: Guid(fd7abbc0adedb0c44805474a58038f80) Importer(815301076,1909f56bfc062723c751e8b465ee728b)
Start importing Assets/Scripts/TestingKeys.cs using Guid(fd7abbc0adedb0c44805474a58038f80) Importer(815301076,1909f56bfc062723c751e8b465ee728b)  -> (artifact id: '435098c256c98500f24dd29c1c6ae9d5') in 0.038242 seconds
  Import took 0.042921 seconds .

========================================================================
Received Prepare
Registering precompiled user dll's ...
Registered in 0.004068 seconds.
Begin MonoManager ReloadAssembly
Native extension for WindowsStandalone target not found
Refreshing native plugins compatible for Editor in 0.56 ms, found 3 plugins.
Preloading 0 native plugins for Editor in 0.00 ms.
Invoked RoslynAnalysisRunner static constructor.
RoslynAnalysisRunner will not be running.
RoslynAnalysisRunner has terminated.
Mono: successfully reloaded assembly
- Completed reload, in  0.829 seconds
Platform modules already initialized, skipping
Refreshing native plugins compatible for Editor in 0.41 ms, found 3 plugins.
Preloading 0 native plugins for Editor in 0.00 ms.
Unloading 1809 Unused Serialized files (Serialized files now loaded: 0)
System memory in use before: 85.0 MB.
System memory in use after: 85.0 MB.

Unloading 29 unused Assets to reduce memory usage. Loaded Objects now: 2283.
Total: 1.831300 ms (FindLiveObjects: 0.202000 ms CreateObjectMapping: 0.071400 ms MarkObjects: 1.461500 ms  DeleteObjects: 0.095200 ms)

========================================================================
Received Prepare
Registering precompiled user dll's ...
Registered in 0.004186 seconds.
Begin MonoManager ReloadAssembly
Native extension for WindowsStandalone target not found
Refreshing native plugins compatible for Editor in 0.41 ms, found 3 plugins.
Preloading 0 native plugins for Editor in 0.00 ms.
Invoked RoslynAnalysisRunner static constructor.
RoslynAnalysisRunner will not be running.
RoslynAnalysisRunner has terminated.
Mono: successfully reloaded assembly
- Completed reload, in  0.812 seconds
Platform modules already initialized, skipping
Refreshing native plugins compatible for Editor in 0.40 ms, found 3 plugins.
Preloading 0 native plugins for Editor in 0.00 ms.
Unloading 1809 Unused Serialized files (Serialized files now loaded: 0)
System memory in use before: 85.1 MB.
System memory in use after: 85.1 MB.

Unloading 29 unused Assets to reduce memory usage. Loaded Objects now: 2286.
Total: 6.262300 ms (FindLiveObjects: 0.476600 ms CreateObjectMapping: 0.255800 ms MarkObjects: 5.187800 ms  DeleteObjects: 0.339100 ms)

========================================================================
Received Prepare
Registering precompiled user dll's ...
Registered in 0.004064 seconds.
Begin MonoManager ReloadAssembly
Native extension for WindowsStandalone target not found
Refreshing native plugins compatible for Editor in 0.45 ms, found 3 plugins.
Preloading 0 native plugins for Editor in 0.00 ms.
Invoked RoslynAnalysisRunner static constructor.
RoslynAnalysisRunner will not be running.
RoslynAnalysisRunner has terminated.
Mono: successfully reloaded assembly
- Completed reload, in  0.873 seconds
Platform modules already initialized, skipping
Refreshing native plugins compatible for Editor in 0.42 ms, found 3 plugins.
Preloading 0 native plugins for Editor in 0.00 ms.
Unloading 1809 Unused Serialized files (Serialized files now loaded: 0)
System memory in use before: 85.2 MB.
System memory in use after: 85.2 MB.

Unloading 29 unused Assets to reduce memory usage. Loaded Objects now: 2289.
Total: 1.952300 ms (FindLiveObjects: 0.171400 ms CreateObjectMapping: 0.067200 ms MarkObjects: 1.611900 ms  DeleteObjects: 0.100500 ms)

========================================================================
Received Prepare
Registering precompiled user dll's ...
Registered in 0.004154 seconds.
Begin MonoManager ReloadAssembly
Native extension for WindowsStandalone target not found
Refreshing native plugins compatible for Editor in 0.42 ms, found 3 plugins.
Preloading 0 native plugins for Editor in 0.00 ms.
Invoked RoslynAnalysisRunner static constructor.
RoslynAnalysisRunner will not be running.
RoslynAnalysisRunner has terminated.
Mono: successfully reloaded assembly
- Completed reload, in  0.822 seconds
Platform modules already initialized, skipping
Refreshing native plugins compatible for Editor in 0.40 ms, found 3 plugins.
Preloading 0 native plugins for Editor in 0.00 ms.
Unloading 1809 Unused Serialized files (Serialized files now loaded: 0)
System memory in use before: 85.3 MB.
System memory in use after: 85.3 MB.

Unloading 29 unused Assets to reduce memory usage. Loaded Objects now: 2292.
Total: 1.842800 ms (FindLiveObjects: 0.178800 ms CreateObjectMapping: 0.065900 ms MarkObjects: 1.500300 ms  DeleteObjects: 0.097100 ms)

========================================================================
Received Prepare
Registering precompiled user dll's ...
Registered in 0.004031 seconds.
Begin MonoManager ReloadAssembly
Native extension for WindowsStandalone target not found
Refreshing native plugins compatible for Editor in 0.46 ms, found 3 plugins.
Preloading 0 native plugins for Editor in 0.00 ms.
Invoked RoslynAnalysisRunner static constructor.
RoslynAnalysisRunner will not be running.
RoslynAnalysisRunner has terminated.
Mono: successfully reloaded assembly
- Completed reload, in  0.855 seconds
Platform modules already initialized, skipping
Refreshing native plugins compatible for Editor in 0.42 ms, found 3 plugins.
Preloading 0 native plugins for Editor in 0.00 ms.
Unloading 1809 Unused Serialized files (Serialized files now loaded: 0)
System memory in use before: 85.4 MB.
System memory in use after: 85.4 MB.

Unloading 29 unused Assets to reduce memory usage. Loaded Objects now: 2295.
Total: 1.748000 ms (FindLiveObjects: 0.168600 ms CreateObjectMapping: 0.114100 ms MarkObjects: 1.367100 ms  DeleteObjects: 0.097100 ms)

========================================================================
Received Prepare
Registering precompiled user dll's ...
Registered in 0.004106 seconds.
Begin MonoManager ReloadAssembly
Native extension for WindowsStandalone target not found
Refreshing native plugins compatible for Editor in 0.41 ms, found 3 plugins.
Preloading 0 native plugins for Editor in 0.00 ms.
Invoked RoslynAnalysisRunner static constructor.
RoslynAnalysisRunner will not be running.
RoslynAnalysisRunner has terminated.
Mono: successfully reloaded assembly
- Completed reload, in  0.803 seconds
Platform modules already initialized, skipping
Refreshing native plugins compatible for Editor in 0.40 ms, found 3 plugins.
Preloading 0 native plugins for Editor in 0.00 ms.
Unloading 1809 Unused Serialized files (Serialized files now loaded: 0)
System memory in use before: 85.4 MB.
System memory in use after: 85.4 MB.

Unloading 29 unused Assets to reduce memory usage. Loaded Objects now: 2298.
Total: 1.809800 ms (FindLiveObjects: 0.173600 ms CreateObjectMapping: 0.060200 ms MarkObjects: 1.475500 ms  DeleteObjects: 0.099400 ms)

========================================================================
Received Prepare
Registering precompiled user dll's ...
Registered in 0.004411 seconds.
Begin MonoManager ReloadAssembly
Native extension for WindowsStandalone target not found
Refreshing native plugins compatible for Editor in 0.46 ms, found 3 plugins.
Preloading 0 native plugins for Editor in 0.00 ms.
Invoked RoslynAnalysisRunner static constructor.
RoslynAnalysisRunner will not be running.
RoslynAnalysisRunner has terminated.
Mono: successfully reloaded assembly
- Completed reload, in  0.872 seconds
Platform modules already initialized, skipping
Refreshing native plugins compatible for Editor in 0.44 ms, found 3 plugins.
Preloading 0 native plugins for Editor in 0.00 ms.
Unloading 1809 Unused Serialized files (Serialized files now loaded: 0)
System memory in use before: 85.5 MB.
System memory in use after: 85.5 MB.

Unloading 29 unused Assets to reduce memory usage. Loaded Objects now: 2301.
Total: 1.822800 ms (FindLiveObjects: 0.180000 ms CreateObjectMapping: 0.121200 ms MarkObjects: 1.410100 ms  DeleteObjects: 0.110400 ms)

========================================================================
Received Prepare
Registering precompiled user dll's ...
Registered in 0.004076 seconds.
Begin MonoManager ReloadAssembly
Native extension for WindowsStandalone target not found
Refreshing native plugins compatible for Editor in 0.42 ms, found 3 plugins.
Preloading 0 native plugins for Editor in 0.00 ms.
Invoked RoslynAnalysisRunner static constructor.
RoslynAnalysisRunner will not be running.
RoslynAnalysisRunner has terminated.
Mono: successfully reloaded assembly
- Completed reload, in  0.806 seconds
Platform modules already initialized, skipping
Refreshing native plugins compatible for Editor in 0.41 ms, found 3 plugins.
Preloading 0 native plugins for Editor in 0.00 ms.
Unloading 1809 Unused Serialized files (Serialized files now loaded: 0)
System memory in use before: 85.6 MB.
System memory in use after: 85.6 MB.

Unloading 29 unused Assets to reduce memory usage. Loaded Objects now: 2304.
Total: 1.799100 ms (FindLiveObjects: 0.173400 ms CreateObjectMapping: 0.066000 ms MarkObjects: 1.461200 ms  DeleteObjects: 0.097700 ms)

========================================================================
Received Prepare
Registering precompiled user dll's ...
Registered in 0.003967 seconds.
Begin MonoManager ReloadAssembly
Native extension for WindowsStandalone target not found
Refreshing native plugins compatible for Editor in 0.42 ms, found 3 plugins.
Preloading 0 native plugins for Editor in 0.00 ms.
Invoked RoslynAnalysisRunner static constructor.
RoslynAnalysisRunner will not be running.
RoslynAnalysisRunner has terminated.
Mono: successfully reloaded assembly
- Completed reload, in  0.874 seconds
Platform modules already initialized, skipping
Refreshing native plugins compatible for Editor in 0.41 ms, found 3 plugins.
Preloading 0 native plugins for Editor in 0.00 ms.
Unloading 1809 Unused Serialized files (Serialized files now loaded: 0)
System memory in use before: 85.6 MB.
System memory in use after: 85.6 MB.

Unloading 29 unused Assets to reduce memory usage. Loaded Objects now: 2307.
Total: 1.987000 ms (FindLiveObjects: 0.170400 ms CreateObjectMapping: 0.093900 ms MarkObjects: 1.621100 ms  DeleteObjects: 0.100600 ms)

========================================================================
Received Import Request.
  Time since last request: 1501.804991 seconds.
  path: Assets/Prefabs
  artifactKey: Guid(64b6b68550473a54f9bc437d0edd1a7f) Importer(815301076,1909f56bfc062723c751e8b465ee728b)
Start importing Assets/Prefabs using Guid(64b6b68550473a54f9bc437d0edd1a7f) Importer(815301076,1909f56bfc062723c751e8b465ee728b)  -> (artifact id: 'd3c4b888096ab5bc3861b6f8aaa94969') in 0.009555 seconds
  Import took 0.012578 seconds .

========================================================================
Received Import Request.
  Time since last request: 70.719273 seconds.
  path: Assets/Sprites/Enemy_MuchoPixels.png
  artifactKey: Guid(e74fcf1e388a69541ab8d23830a88cbc) Importer(815301076,1909f56bfc062723c751e8b465ee728b)
Start importing Assets/Sprites/Enemy_MuchoPixels.png using Guid(e74fcf1e388a69541ab8d23830a88cbc) Importer(815301076,1909f56bfc062723c751e8b465ee728b)  -> (artifact id: '86472a1163213fc462695132d99a7097') in 0.125365 seconds
  Import took 0.128238 seconds .

========================================================================
Received Import Request.
  Time since last request: 79.393396 seconds.
  path: Assets/Scripts/EnemyPatrol.cs
  artifactKey: Guid(0a4223a05493ee4438f3404a06e3544b) Importer(815301076,1909f56bfc062723c751e8b465ee728b)
Start importing Assets/Scripts/EnemyPatrol.cs using Guid(0a4223a05493ee4438f3404a06e3544b) Importer(815301076,1909f56bfc062723c751e8b465ee728b)  -> (artifact id: 'cf6ea60290b4b95155d08177aecb2753') in 0.006266 seconds
  Import took 0.008987 seconds .

========================================================================
Received Prepare
Registering precompiled user dll's ...
Registered in 0.004132 seconds.
Begin MonoManager ReloadAssembly
Native extension for WindowsStandalone target not found
Refreshing native plugins compatible for Editor in 0.46 ms, found 3 plugins.
Preloading 0 native plugins for Editor in 0.00 ms.
Invoked RoslynAnalysisRunner static constructor.
RoslynAnalysisRunner will not be running.
RoslynAnalysisRunner has terminated.
Mono: successfully reloaded assembly
- Completed reload, in  0.795 seconds
Platform modules already initialized, skipping
Refreshing native plugins compatible for Editor in 0.41 ms, found 3 plugins.
Preloading 0 native plugins for Editor in 0.00 ms.
Unloading 1810 Unused Serialized files (Serialized files now loaded: 0)
System memory in use before: 88.8 MB.
System memory in use after: 88.8 MB.

Unloading 29 unused Assets to reduce memory usage. Loaded Objects now: 2317.
Total: 6.912700 ms (FindLiveObjects: 0.655200 ms CreateObjectMapping: 0.709800 ms MarkObjects: 5.197300 ms  DeleteObjects: 0.347300 ms)

========================================================================
Received Prepare
Registering precompiled user dll's ...
Registered in 0.004645 seconds.
Begin MonoManager ReloadAssembly
Native extension for WindowsStandalone target not found
Refreshing native plugins compatible for Editor in 0.42 ms, found 3 plugins.
Preloading 0 native plugins for Editor in 0.00 ms.
Invoked RoslynAnalysisRunner static constructor.
RoslynAnalysisRunner will not be running.
RoslynAnalysisRunner has terminated.
Mono: successfully reloaded assembly
- Completed reload, in  0.748 seconds
Platform modules already initialized, skipping
Refreshing native plugins compatible for Editor in 0.41 ms, found 3 plugins.
Preloading 0 native plugins for Editor in 0.00 ms.
Unloading 1810 Unused Serialized files (Serialized files now loaded: 0)
System memory in use before: 88.9 MB.
System memory in use after: 88.9 MB.

Unloading 29 unused Assets to reduce memory usage. Loaded Objects now: 2320.
Total: 1.922300 ms (FindLiveObjects: 0.167700 ms CreateObjectMapping: 0.066000 ms MarkObjects: 1.584000 ms  DeleteObjects: 0.103900 ms)

========================================================================
Received Import Request.
  Time since last request: 37.409502 seconds.
  path: Assets/Scripts/EnemyPatrol.cs
  artifactKey: Guid(0a4223a05493ee4438f3404a06e3544b) Importer(815301076,1909f56bfc062723c751e8b465ee728b)
Start importing Assets/Scripts/EnemyPatrol.cs using Guid(0a4223a05493ee4438f3404a06e3544b) Importer(815301076,1909f56bfc062723c751e8b465ee728b)  -> (artifact id: '6d0f6de1dbe809cf26a252d2fe3c3e26') in 0.004405 seconds
  Import took 0.007005 seconds .

========================================================================
Received Import Request.
  Time since last request: 2.101633 seconds.
  path: Assets/Scripts/EnemyPatrol.cs
  artifactKey: Guid(0a4223a05493ee4438f3404a06e3544b) Importer(815301076,1909f56bfc062723c751e8b465ee728b)
Start importing Assets/Scripts/EnemyPatrol.cs using Guid(0a4223a05493ee4438f3404a06e3544b) Importer(815301076,1909f56bfc062723c751e8b465ee728b)  -> (artifact id: '6d0f6de1dbe809cf26a252d2fe3c3e26') in 0.002535 seconds
  Import took 0.005135 seconds .

========================================================================
Received Import Request.
  Time since last request: 62.881668 seconds.
  path: Assets/Sprites/Enemy_MuchoPixels.png
  artifactKey: Guid(e74fcf1e388a69541ab8d23830a88cbc) Importer(815301076,1909f56bfc062723c751e8b465ee728b)
Start importing Assets/Sprites/Enemy_MuchoPixels.png using Guid(e74fcf1e388a69541ab8d23830a88cbc) Importer(815301076,1909f56bfc062723c751e8b465ee728b)  -> (artifact id: 'a6e70c00646923b20cc51b11db22b393') in 0.066216 seconds
  Import took 0.069125 seconds .

========================================================================
Received Prepare
Registering precompiled user dll's ...
Registered in 0.004200 seconds.
Begin MonoManager ReloadAssembly
Native extension for WindowsStandalone target not found
Refreshing native plugins compatible for Editor in 0.45 ms, found 3 plugins.
Preloading 0 native plugins for Editor in 0.00 ms.
Invoked RoslynAnalysisRunner static constructor.
RoslynAnalysisRunner will not be running.
RoslynAnalysisRunner has terminated.
Mono: successfully reloaded assembly
- Completed reload, in  0.917 seconds
Platform modules already initialized, skipping
Refreshing native plugins compatible for Editor in 0.45 ms, found 3 plugins.
Preloading 0 native plugins for Editor in 0.00 ms.
Unloading 1810 Unused Serialized files (Serialized files now loaded: 0)
System memory in use before: 89.0 MB.
System memory in use after: 89.0 MB.

Unloading 29 unused Assets to reduce memory usage. Loaded Objects now: 2324.
Total: 2.099700 ms (FindLiveObjects: 0.184500 ms CreateObjectMapping: 0.081000 ms MarkObjects: 1.726600 ms  DeleteObjects: 0.106400 ms)

========================================================================
Received Prepare
Registering precompiled user dll's ...
Registered in 0.007950 seconds.
Begin MonoManager ReloadAssembly
Native extension for WindowsStandalone target not found
Refreshing native plugins compatible for Editor in 0.44 ms, found 3 plugins.
Preloading 0 native plugins for Editor in 0.00 ms.
Invoked RoslynAnalysisRunner static constructor.
RoslynAnalysisRunner will not be running.
RoslynAnalysisRunner has terminated.
Mono: successfully reloaded assembly
- Completed reload, in  0.874 seconds
Platform modules already initialized, skipping
Refreshing native plugins compatible for Editor in 0.43 ms, found 3 plugins.
Preloading 0 native plugins for Editor in 0.00 ms.
Unloading 1810 Unused Serialized files (Serialized files now loaded: 0)
System memory in use before: 89.0 MB.
System memory in use after: 89.0 MB.

Unloading 29 unused Assets to reduce memory usage. Loaded Objects now: 2327.
Total: 2.001100 ms (FindLiveObjects: 0.183400 ms CreateObjectMapping: 0.077900 ms MarkObjects: 1.637100 ms  DeleteObjects: 0.101300 ms)

========================================================================
Received Prepare
Registering precompiled user dll's ...
Registered in 0.004414 seconds.
Begin MonoManager ReloadAssembly
Native extension for WindowsStandalone target not found
Refreshing native plugins compatible for Editor in 0.44 ms, found 3 plugins.
Preloading 0 native plugins for Editor in 0.00 ms.
Invoked RoslynAnalysisRunner static constructor.
RoslynAnalysisRunner will not be running.
RoslynAnalysisRunner has terminated.
Mono: successfully reloaded assembly
- Completed reload, in  0.930 seconds
Platform modules already initialized, skipping
Refreshing native plugins compatible for Editor in 0.45 ms, found 3 plugins.
Preloading 0 native plugins for Editor in 0.00 ms.
Unloading 1810 Unused Serialized files (Serialized files now loaded: 0)
System memory in use before: 89.1 MB.
System memory in use after: 89.1 MB.

Unloading 29 unused Assets to reduce memory usage. Loaded Objects now: 2330.
Total: 3.099900 ms (FindLiveObjects: 0.658500 ms CreateObjectMapping: 0.198300 ms MarkObjects: 2.083400 ms  DeleteObjects: 0.157700 ms)

========================================================================
Received Prepare
Registering precompiled user dll's ...
Registered in 0.005389 seconds.
Begin MonoManager ReloadAssembly
Native extension for WindowsStandalone target not found
Refreshing native plugins compatible for Editor in 0.46 ms, found 3 plugins.
Preloading 0 native plugins for Editor in 0.00 ms.
Invoked RoslynAnalysisRunner static constructor.
RoslynAnalysisRunner will not be running.
RoslynAnalysisRunner has terminated.
Mono: successfully reloaded assembly
- Completed reload, in  0.933 seconds
Platform modules already initialized, skipping
Refreshing native plugins compatible for Editor in 0.45 ms, found 3 plugins.
Preloading 0 native plugins for Editor in 0.00 ms.
Unloading 1810 Unused Serialized files (Serialized files now loaded: 0)
System memory in use before: 89.2 MB.
System memory in use after: 89.2 MB.

Unloading 29 unused Assets to reduce memory usage. Loaded Objects now: 2333.
Total: 2.330700 ms (FindLiveObjects: 0.200700 ms CreateObjectMapping: 0.083500 ms MarkObjects: 1.925600 ms  DeleteObjects: 0.119700 ms)

========================================================================
Received Prepare
Registering precompiled user dll's ...
Registered in 0.004323 seconds.
Begin MonoManager ReloadAssembly
Native extension for WindowsStandalone target not found
Refreshing native plugins compatible for Editor in 0.45 ms, found 3 plugins.
Preloading 0 native plugins for Editor in 0.00 ms.
Invoked RoslynAnalysisRunner static constructor.
RoslynAnalysisRunner will not be running.
RoslynAnalysisRunner has terminated.
Mono: successfully reloaded assembly
- Completed reload, in  0.885 seconds
Platform modules already initialized, skipping
Refreshing native plugins compatible for Editor in 0.41 ms, found 3 plugins.
Preloading 0 native plugins for Editor in 0.00 ms.
Unloading 1810 Unused Serialized files (Serialized files now loaded: 0)
System memory in use before: 89.3 MB.
System memory in use after: 89.3 MB.

Unloading 29 unused Assets to reduce memory usage. Loaded Objects now: 2336.
Total: 2.029600 ms (FindLiveObjects: 0.173800 ms CreateObjectMapping: 0.064300 ms MarkObjects: 1.687700 ms  DeleteObjects: 0.102800 ms)

========================================================================
Received Prepare
Registering precompiled user dll's ...
Registered in 0.005373 seconds.
Begin MonoManager ReloadAssembly
Native extension for WindowsStandalone target not found
Refreshing native plugins compatible for Editor in 0.45 ms, found 3 plugins.
Preloading 0 native plugins for Editor in 0.00 ms.
Invoked RoslynAnalysisRunner static constructor.
RoslynAnalysisRunner will not be running.
RoslynAnalysisRunner has terminated.
Mono: successfully reloaded assembly
- Completed reload, in  0.884 seconds
Platform modules already initialized, skipping
Refreshing native plugins compatible for Editor in 0.44 ms, found 3 plugins.
Preloading 0 native plugins for Editor in 0.00 ms.
Unloading 1810 Unused Serialized files (Serialized files now loaded: 0)
System memory in use before: 89.3 MB.
System memory in use after: 89.3 MB.

Unloading 29 unused Assets to reduce memory usage. Loaded Objects now: 2339.
Total: 1.829600 ms (FindLiveObjects: 0.251000 ms CreateObjectMapping: 0.072100 ms MarkObjects: 1.405000 ms  DeleteObjects: 0.100500 ms)

========================================================================
Received Import Request.
  Time since last request: 1551.054237 seconds.
  path: Assets/Prefabs/Enemy.prefab
  artifactKey: Guid(29f20786c7289dc4b9d479afd5fe1b13) Importer(815301076,1909f56bfc062723c751e8b465ee728b)
Start importing Assets/Prefabs/Enemy.prefab using Guid(29f20786c7289dc4b9d479afd5fe1b13) Importer(815301076,1909f56bfc062723c751e8b465ee728b)  -> (artifact id: 'c5ca761bc8dbd92453a05885925de1b2') in 0.087921 seconds
  Import took 0.091290 seconds .

========================================================================
Received Prepare
Registering precompiled user dll's ...
Registered in 0.004124 seconds.
Begin MonoManager ReloadAssembly
Native extension for WindowsStandalone target not found
Refreshing native plugins compatible for Editor in 0.49 ms, found 3 plugins.
Preloading 0 native plugins for Editor in 0.00 ms.
Invoked RoslynAnalysisRunner static constructor.
RoslynAnalysisRunner will not be running.
RoslynAnalysisRunner has terminated.
Mono: successfully reloaded assembly
- Completed reload, in  0.938 seconds
Platform modules already initialized, skipping
Refreshing native plugins compatible for Editor in 0.55 ms, found 3 plugins.
Preloading 0 native plugins for Editor in 0.00 ms.
Unloading 1810 Unused Serialized files (Serialized files now loaded: 0)
System memory in use before: 89.4 MB.
System memory in use after: 89.4 MB.

Unloading 29 unused Assets to reduce memory usage. Loaded Objects now: 2347.
Total: 12.890600 ms (FindLiveObjects: 0.433700 ms CreateObjectMapping: 0.148800 ms MarkObjects: 11.849100 ms  DeleteObjects: 0.457500 ms)

========================================================================
Received Prepare
Registering precompiled user dll's ...
Registered in 0.006589 seconds.
Begin MonoManager ReloadAssembly
Native extension for WindowsStandalone target not found
Refreshing native plugins compatible for Editor in 0.55 ms, found 3 plugins.
Preloading 0 native plugins for Editor in 0.00 ms.
Invoked RoslynAnalysisRunner static constructor.
RoslynAnalysisRunner will not be running.
RoslynAnalysisRunner has terminated.
Mono: successfully reloaded assembly
- Completed reload, in  1.027 seconds
Platform modules already initialized, skipping
Refreshing native plugins compatible for Editor in 0.59 ms, found 3 plugins.
Preloading 0 native plugins for Editor in 0.00 ms.
Unloading 1810 Unused Serialized files (Serialized files now loaded: 0)
System memory in use before: 89.5 MB.
System memory in use after: 89.5 MB.

Unloading 29 unused Assets to reduce memory usage. Loaded Objects now: 2350.
Total: 2.122400 ms (FindLiveObjects: 0.226100 ms CreateObjectMapping: 0.080900 ms MarkObjects: 1.676700 ms  DeleteObjects: 0.137400 ms)

========================================================================
Received Import Request.
  Time since last request: 426.447246 seconds.
  path: Assets/Sprites/Enemy_Walk_&_Shoot_64x64_MuchoPixels.png
  artifactKey: Guid(5bc9cda34e931e44787eeb60de06584d) Importer(815301076,1909f56bfc062723c751e8b465ee728b)
Start importing Assets/Sprites/Enemy_Walk_&_Shoot_64x64_MuchoPixels.png using Guid(5bc9cda34e931e44787eeb60de06584d) Importer(815301076,1909f56bfc062723c751e8b465ee728b)  -> (artifact id: '916603648cfba1cca5f234f310eeb5fe') in 0.054303 seconds
  Import took 0.057633 seconds .

========================================================================
Received Import Request.
  Time since last request: 41.032499 seconds.
  path: Assets/Sprites/Enemy_Walk_&_Shoot_64x64_MuchoPixels.png
  artifactKey: Guid(5bc9cda34e931e44787eeb60de06584d) Importer(815301076,1909f56bfc062723c751e8b465ee728b)
Start importing Assets/Sprites/Enemy_Walk_&_Shoot_64x64_MuchoPixels.png using Guid(5bc9cda34e931e44787eeb60de06584d) Importer(815301076,1909f56bfc062723c751e8b465ee728b)  -> (artifact id: '08164779148d002449d267fc3150741e') in 0.010943 seconds
  Import took 0.013842 seconds .

========================================================================
Received Import Request.
  Time since last request: 138.054830 seconds.
  path: Assets/Sprites/Enemy_Walk_&_Shoot_64x64_MuchoPixels.png
  artifactKey: Guid(5bc9cda34e931e44787eeb60de06584d) Importer(815301076,1909f56bfc062723c751e8b465ee728b)
Start importing Assets/Sprites/Enemy_Walk_&_Shoot_64x64_MuchoPixels.png using Guid(5bc9cda34e931e44787eeb60de06584d) Importer(815301076,1909f56bfc062723c751e8b465ee728b)  -> (artifact id: 'f82fb4c2bcae3ac1a28e287f82229883') in 0.068923 seconds
  Import took 0.072166 seconds .

========================================================================
Received Import Request.
  Time since last request: 205.272342 seconds.
  path: Assets/Animations/Enemy
  artifactKey: Guid(4ab155819e5d92e4aaa5ab961631cd3e) Importer(815301076,1909f56bfc062723c751e8b465ee728b)
Start importing Assets/Animations/Enemy using Guid(4ab155819e5d92e4aaa5ab961631cd3e) Importer(815301076,1909f56bfc062723c751e8b465ee728b)  -> (artifact id: '3aa48e81e758c9f0e6b583003b624980') in 0.004436 seconds
  Import took 0.008028 seconds .

========================================================================
Received Import Request.
  Time since last request: 259.413357 seconds.
  path: Assets/Animations/Enemy/Idle.anim
  artifactKey: Guid(85d68579cfa088041b7b3aa32f07c7eb) Importer(815301076,1909f56bfc062723c751e8b465ee728b)
Start importing Assets/Animations/Enemy/Idle.anim using Guid(85d68579cfa088041b7b3aa32f07c7eb) Importer(815301076,1909f56bfc062723c751e8b465ee728b)  -> (artifact id: '8ec1af3abc608b83148b21fe7179a172') in 0.009916 seconds
  Import took 0.014638 seconds .

========================================================================
Received Import Request.
  Time since last request: 0.024404 seconds.
  path: Assets/Animations/Enemy/Idle.anim
  artifactKey: Guid(85d68579cfa088041b7b3aa32f07c7eb) Importer(815301076,1909f56bfc062723c751e8b465ee728b)
Start importing Assets/Animations/Enemy/Idle.anim using Guid(85d68579cfa088041b7b3aa32f07c7eb) Importer(815301076,1909f56bfc062723c751e8b465ee728b)  -> (artifact id: '8ec1af3abc608b83148b21fe7179a172') in 0.003053 seconds
  Import took 0.005727 seconds .

========================================================================
Received Prepare
Registering precompiled user dll's ...
Registered in 0.004148 seconds.
Begin MonoManager ReloadAssembly
Native extension for WindowsStandalone target not found
Refreshing native plugins compatible for Editor in 0.48 ms, found 3 plugins.
Preloading 0 native plugins for Editor in 0.00 ms.
Invoked RoslynAnalysisRunner static constructor.
RoslynAnalysisRunner will not be running.
RoslynAnalysisRunner has terminated.
Mono: successfully reloaded assembly
- Completed reload, in  0.850 seconds
Platform modules already initialized, skipping
Refreshing native plugins compatible for Editor in 0.44 ms, found 3 plugins.
Preloading 0 native plugins for Editor in 0.00 ms.
Unloading 1810 Unused Serialized files (Serialized files now loaded: 0)
System memory in use before: 89.6 MB.
System memory in use after: 89.6 MB.

Unloading 29 unused Assets to reduce memory usage. Loaded Objects now: 2356.
Total: 2.100900 ms (FindLiveObjects: 0.199100 ms CreateObjectMapping: 0.075400 ms MarkObjects: 1.715200 ms  DeleteObjects: 0.109800 ms)

========================================================================
Received Import Request.
  Time since last request: 674.914495 seconds.
  path: Assets/Animations/Enemy/Enemy.controller
  artifactKey: Guid(66324824fd24d1e4c9177d51e6a59a08) Importer(815301076,1909f56bfc062723c751e8b465ee728b)
Start importing Assets/Animations/Enemy/Enemy.controller using Guid(66324824fd24d1e4c9177d51e6a59a08) Importer(815301076,1909f56bfc062723c751e8b465ee728b)  -> (artifact id: '6ee49129337a3a6d374d468a815f0cf3') in 0.015456 seconds
  Import took 0.018994 seconds .

========================================================================
Received Import Request.
  Time since last request: 233.649228 seconds.
  path: Assets/Animations/Enemy/Shooting.anim
  artifactKey: Guid(9269e3439a313c243b89b808b041d577) Importer(815301076,1909f56bfc062723c751e8b465ee728b)
Start importing Assets/Animations/Enemy/Shooting.anim using Guid(9269e3439a313c243b89b808b041d577) Importer(815301076,1909f56bfc062723c751e8b465ee728b)  -> (artifact id: '774e309d558a848608b0aa4f7c68324e') in 0.009885 seconds
  Import took 0.013338 seconds .

========================================================================
Received Import Request.
  Time since last request: 108.579090 seconds.
  path: Assets/Animations/Enemy/Idle.anim
  artifactKey: Guid(85d68579cfa088041b7b3aa32f07c7eb) Importer(815301076,1909f56bfc062723c751e8b465ee728b)
Start importing Assets/Animations/Enemy/Idle.anim using Guid(85d68579cfa088041b7b3aa32f07c7eb) Importer(815301076,1909f56bfc062723c751e8b465ee728b)  -> (artifact id: '8892e2644758e5c677aa401667e411e5') in 0.004017 seconds
  Import took 0.007142 seconds .

========================================================================
Received Import Request.
  Time since last request: 14.704789 seconds.
  path: Assets/Animations/Enemy/Walking.anim
  artifactKey: Guid(4156ada41eed25a4cb3b49081c984374) Importer(815301076,1909f56bfc062723c751e8b465ee728b)
Start importing Assets/Animations/Enemy/Walking.anim using Guid(4156ada41eed25a4cb3b49081c984374) Importer(815301076,1909f56bfc062723c751e8b465ee728b)  -> (artifact id: '825e72988b455d37ba3d03e3970591ea') in 0.008228 seconds
  Import took 0.011093 seconds .

========================================================================
Received Prepare
Registering precompiled user dll's ...
Registered in 0.004196 seconds.
Begin MonoManager ReloadAssembly
Native extension for WindowsStandalone target not found
Refreshing native plugins compatible for Editor in 0.53 ms, found 3 plugins.
Preloading 0 native plugins for Editor in 0.00 ms.
Invoked RoslynAnalysisRunner static constructor.
RoslynAnalysisRunner will not be running.
RoslynAnalysisRunner has terminated.
Mono: successfully reloaded assembly
- Completed reload, in  0.791 seconds
Platform modules already initialized, skipping
Refreshing native plugins compatible for Editor in 0.40 ms, found 3 plugins.
Preloading 0 native plugins for Editor in 0.00 ms.
Unloading 1810 Unused Serialized files (Serialized files now loaded: 0)
System memory in use before: 89.6 MB.
System memory in use after: 89.6 MB.

Unloading 29 unused Assets to reduce memory usage. Loaded Objects now: 2359.
Total: 1.804600 ms (FindLiveObjects: 0.200800 ms CreateObjectMapping: 0.072000 ms MarkObjects: 1.424500 ms  DeleteObjects: 0.105000 ms)

========================================================================
Received Prepare
Registering precompiled user dll's ...
Registered in 0.004103 seconds.
Begin MonoManager ReloadAssembly
Native extension for WindowsStandalone target not found
Refreshing native plugins compatible for Editor in 0.54 ms, found 3 plugins.
Preloading 0 native plugins for Editor in 0.00 ms.
Invoked RoslynAnalysisRunner static constructor.
RoslynAnalysisRunner will not be running.
RoslynAnalysisRunner has terminated.
Mono: successfully reloaded assembly
- Completed reload, in  0.814 seconds
Platform modules already initialized, skipping
Refreshing native plugins compatible for Editor in 0.40 ms, found 3 plugins.
Preloading 0 native plugins for Editor in 0.00 ms.
Unloading 1810 Unused Serialized files (Serialized files now loaded: 0)
System memory in use before: 89.7 MB.
System memory in use after: 89.7 MB.

Unloading 29 unused Assets to reduce memory usage. Loaded Objects now: 2362.
Total: 1.882400 ms (FindLiveObjects: 0.175700 ms CreateObjectMapping: 0.065100 ms MarkObjects: 1.535400 ms  DeleteObjects: 0.105200 ms)

========================================================================
Received Prepare
Registering precompiled user dll's ...
Registered in 0.004532 seconds.
Begin MonoManager ReloadAssembly
Native extension for WindowsStandalone target not found
Refreshing native plugins compatible for Editor in 0.42 ms, found 3 plugins.
Preloading 0 native plugins for Editor in 0.00 ms.
Invoked RoslynAnalysisRunner static constructor.
RoslynAnalysisRunner will not be running.
RoslynAnalysisRunner has terminated.
Mono: successfully reloaded assembly
- Completed reload, in  0.862 seconds
Platform modules already initialized, skipping
Refreshing native plugins compatible for Editor in 0.41 ms, found 3 plugins.
Preloading 0 native plugins for Editor in 0.00 ms.
Unloading 1810 Unused Serialized files (Serialized files now loaded: 0)
System memory in use before: 89.8 MB.
System memory in use after: 89.8 MB.

Unloading 29 unused Assets to reduce memory usage. Loaded Objects now: 2365.
Total: 1.888000 ms (FindLiveObjects: 0.212900 ms CreateObjectMapping: 0.128700 ms MarkObjects: 1.443100 ms  DeleteObjects: 0.102300 ms)

========================================================================
Received Import Request.
  Time since last request: 1798.513879 seconds.
  path: Assets/Sprites/Player_FINAL_64x64px_MuchoPixels.png
  artifactKey: Guid(134c9a9b2d819c34aa74daa189cc6418) Importer(815301076,1909f56bfc062723c751e8b465ee728b)
Start importing Assets/Sprites/Player_FINAL_64x64px_MuchoPixels.png using Guid(134c9a9b2d819c34aa74daa189cc6418) Importer(815301076,1909f56bfc062723c751e8b465ee728b)  -> (artifact id: '25e717affdff99f9d5feda7b0d70f0c5') in 0.119793 seconds
  Import took 0.130786 seconds .

========================================================================
Received Import Request.
  Time since last request: 30.599138 seconds.
  path: Assets/Sprites/Player_FINAL_64x64px_MuchoPixels.png
  artifactKey: Guid(134c9a9b2d819c34aa74daa189cc6418) Importer(815301076,1909f56bfc062723c751e8b465ee728b)
Start importing Assets/Sprites/Player_FINAL_64x64px_MuchoPixels.png using Guid(134c9a9b2d819c34aa74daa189cc6418) Importer(815301076,1909f56bfc062723c751e8b465ee728b)  -> (artifact id: '054e06c7d510a3cb61da85f0056faa69') in 0.011466 seconds
  Import took 0.014177 seconds .

========================================================================
Received Import Request.
  Time since last request: 35.574613 seconds.
  path: Assets/Sprites/Player_FINAL_64x64px_MuchoPixels.png
  artifactKey: Guid(134c9a9b2d819c34aa74daa189cc6418) Importer(815301076,1909f56bfc062723c751e8b465ee728b)
Start importing Assets/Sprites/Player_FINAL_64x64px_MuchoPixels.png using Guid(134c9a9b2d819c34aa74daa189cc6418) Importer(815301076,1909f56bfc062723c751e8b465ee728b)  -> (artifact id: '94a8074c0002f7085d1e64bb77f721ec') in 0.087308 seconds
  Import took 0.090232 seconds .

========================================================================
Received Import Request.
  Time since last request: 215.953639 seconds.
  path: Assets/Animations/Player
  artifactKey: Guid(219b9d7a3034125488712b427438370d) Importer(815301076,1909f56bfc062723c751e8b465ee728b)
Start importing Assets/Animations/Player using Guid(219b9d7a3034125488712b427438370d) Importer(815301076,1909f56bfc062723c751e8b465ee728b)  -> (artifact id: 'c1c2ad96fc80958f54514b1df147b021') in 0.008084 seconds
  Import took 0.012696 seconds .

========================================================================
Received Import Request.
  Time since last request: 119.695136 seconds.
  path: Assets/Animations/Enemy/Enemy.controller
  artifactKey: Guid(66324824fd24d1e4c9177d51e6a59a08) Importer(815301076,1909f56bfc062723c751e8b465ee728b)
Start importing Assets/Animations/Enemy/Enemy.controller using Guid(66324824fd24d1e4c9177d51e6a59a08) Importer(815301076,1909f56bfc062723c751e8b465ee728b)  -> (artifact id: '1ca5141e1a4b362a741c79abd5ae149c') in 0.006135 seconds
  Import took 0.009635 seconds .

========================================================================
Received Import Request.
  Time since last request: 66.448932 seconds.
  path: Assets/Animations/Player/Player.controller
  artifactKey: Guid(ceb1ab16b0bf44d49833e5d56442dd48) Importer(815301076,1909f56bfc062723c751e8b465ee728b)
Start importing Assets/Animations/Player/Player.controller using Guid(ceb1ab16b0bf44d49833e5d56442dd48) Importer(815301076,1909f56bfc062723c751e8b465ee728b)  -> (artifact id: '9881bc779a0153afa8e04f5b76f757ed') in 0.005206 seconds
  Import took 0.007933 seconds .

========================================================================
Received Import Request.
  Time since last request: 414.032348 seconds.
  path: Assets/Animations/Player/Idle.anim
  artifactKey: Guid(0b62ed23d5964d74da5bda6e9988490a) Importer(815301076,1909f56bfc062723c751e8b465ee728b)
Start importing Assets/Animations/Player/Idle.anim using Guid(0b62ed23d5964d74da5bda6e9988490a) Importer(815301076,1909f56bfc062723c751e8b465ee728b)  -> (artifact id: '039e1800ff7676a14fccd272377f1c10') in 0.003252 seconds
  Import took 0.006495 seconds .

========================================================================
Received Import Request.
  Time since last request: 0.003554 seconds.
  path: Assets/Animations/Player/Idle.anim
  artifactKey: Guid(0b62ed23d5964d74da5bda6e9988490a) Importer(815301076,1909f56bfc062723c751e8b465ee728b)
Start importing Assets/Animations/Player/Idle.anim using Guid(0b62ed23d5964d74da5bda6e9988490a) Importer(815301076,1909f56bfc062723c751e8b465ee728b)  -> (artifact id: '039e1800ff7676a14fccd272377f1c10') in 0.004811 seconds
  Import took 0.008041 seconds .

========================================================================
Received Import Request.
  Time since last request: 52.250521 seconds.
  path: Assets/Animations/Player/LongIdleStart.anim
  artifactKey: Guid(6556934d9487121469839f467d858c5b) Importer(815301076,1909f56bfc062723c751e8b465ee728b)
Start importing Assets/Animations/Player/LongIdleStart.anim using Guid(6556934d9487121469839f467d858c5b) Importer(815301076,1909f56bfc062723c751e8b465ee728b)  -> (artifact id: '4e463fe521c2ea2db704f57ee95e8043') in 0.010285 seconds
  Import took 0.013813 seconds .

========================================================================
Received Import Request.
  Time since last request: 52.216014 seconds.
  path: Assets/Animations/Player/Atack.anim
  artifactKey: Guid(036ad36be9113e940b123b44c65f15be) Importer(815301076,1909f56bfc062723c751e8b465ee728b)
Start importing Assets/Animations/Player/Atack.anim using Guid(036ad36be9113e940b123b44c65f15be) Importer(815301076,1909f56bfc062723c751e8b465ee728b)  -> (artifact id: '0ba94a6026e3fb703d14821be8164bbf') in 0.008896 seconds
  Import took 0.011944 seconds .

========================================================================
Received Import Request.
  Time since last request: 53.618081 seconds.
  path: Assets/Animations/Player/JumpingStart.anim
  artifactKey: Guid(3b603bb25f9e5e34fa88ca74484bfba3) Importer(815301076,1909f56bfc062723c751e8b465ee728b)
Start importing Assets/Animations/Player/JumpingStart.anim using Guid(3b603bb25f9e5e34fa88ca74484bfba3) Importer(815301076,1909f56bfc062723c751e8b465ee728b)  -> (artifact id: 'e4bf286c164e55d8aff46c82f2ca1c03') in 0.008933 seconds
  Import took 0.012070 seconds .

========================================================================
Received Import Request.
  Time since last request: 54.671194 seconds.
  path: Assets/Animations/Player/JumpingLanding.anim
  artifactKey: Guid(ec271d58faecb254c83e22fa984b3352) Importer(815301076,1909f56bfc062723c751e8b465ee728b)
Start importing Assets/Animations/Player/JumpingLanding.anim using Guid(ec271d58faecb254c83e22fa984b3352) Importer(815301076,1909f56bfc062723c751e8b465ee728b)  -> (artifact id: 'add20004cc2a09ed2bb8170d9f1fec8a') in 0.009175 seconds
  Import took 0.012165 seconds .

========================================================================
Received Import Request.
  Time since last request: 86.246095 seconds.
  path: Assets/Animations/Player/JumpingLanding.anim
  artifactKey: Guid(ec271d58faecb254c83e22fa984b3352) Importer(815301076,1909f56bfc062723c751e8b465ee728b)
Start importing Assets/Animations/Player/JumpingLanding.anim using Guid(ec271d58faecb254c83e22fa984b3352) Importer(815301076,1909f56bfc062723c751e8b465ee728b)  -> (artifact id: '757d340d529295c0661de6e44ff26fd9') in 0.021761 seconds
  Import took 0.026621 seconds .

AssetImportWorkerClient::OnTransportError - code=2 error=End of file
